Der Buildvorgang wurde am 25/10/2015 09:20:47 gestartet.
     1>Projekt "C:\Users\Armel\Documents\Visual Studio 2012\Projects\uebung1-oop\uebung1-oop\uebung1-oop.vcxproj" auf Knoten "2", Build Ziel(e).
     1>ClCompile:
         C:\Program Files (x86)\Microsoft Visual Studio 11.0\VC\bin\CL.exe /c /ZI /nologo /W3 /WX- /Od /Oy- /D _MBCS /Gm /EHsc /RTC1 /MDd /GS /fp:precise /Zc:wchar_t /Zc:forScope /Fo"Debug\\" /Fd"Debug\vc110.pdb" /Gd /TP /analyze- /errorReport:prompt next.cpp "swap(change adresse).cpp" ueb3_2.cpp
         ueb3_2.cpp
     1>c:\users\armel\documents\visual studio 2012\projects\uebung1-oop\uebung1-oop\ueb3_2.cpp(28): error C2064: Ausdruck ergibt keine Funktion, die 0 Argumente übernimmt
     1>c:\users\armel\documents\visual studio 2012\projects\uebung1-oop\uebung1-oop\ueb3_2.cpp(28): fatal error C1903: Weiterverarbeitung nach vorherigem Fehler nicht möglich; Kompilierung wird abgebrochen.
         swap(change adresse).cpp
         next.cpp
     1>c:\users\armel\documents\visual studio 2012\projects\uebung1-oop\uebung1-oop\next.cpp(10): warning C4552: '+': Operator hat keine Auswirkungen; Operator mit Nebeneffekt erwartet
     1>c:\users\armel\documents\visual studio 2012\projects\uebung1-oop\uebung1-oop\next.cpp(13): error C2600: 'IntVector::~IntVector': Vom Compiler generierte spezielle Memberfunktion kann nicht definiert werden (vorherige Deklaration in der Klasse erforderlich)
     1>c:\users\armel\documents\visual studio 2012\projects\uebung1-oop\uebung1-oop\next.cpp(26): warning C4018: '<': Konflikt zwischen 'signed' und 'unsigned'
     1>c:\users\armel\documents\visual studio 2012\projects\uebung1-oop\uebung1-oop\next.cpp(29): error C2556: 'int IntVector::size(void)': Überladene Funktion unterscheidet sich nur hinsichtlich des Rückgabetyps von 'unsigned int IntVector::size(void)'
                 c:\users\armel\documents\visual studio 2012\projects\uebung1-oop\uebung1-oop\intvector.h(13): Siehe Deklaration von 'IntVector::size'
     1>c:\users\armel\documents\visual studio 2012\projects\uebung1-oop\uebung1-oop\next.cpp(29): error C2371: 'IntVector::size': Neudefinition; unterschiedliche Basistypen
                 c:\users\armel\documents\visual studio 2012\projects\uebung1-oop\uebung1-oop\intvector.h(13): Siehe Deklaration von 'IntVector::size'
         Code wird generiert...
     1>Die Erstellung des Projekts "C:\Users\Armel\Documents\Visual Studio 2012\Projects\uebung1-oop\uebung1-oop\uebung1-oop.vcxproj" ist abgeschlossen, Build Ziel(e) -- FEHLER.

Fehler beim Buildvorgang.

Verstrichene Zeit 00:00:03.38
