Der Buildvorgang wurde am 25/10/2015 09:36:18 gestartet.
     1>Projekt "C:\Users\Armel\Documents\Visual Studio 2012\Projects\Aufgabe14_2.c\Aufgabe4_1\Aufgabe4_1.vcxproj" auf Knoten "2", Build Ziel(e).
     1>ClCompile:
         C:\Program Files (x86)\Microsoft Visual Studio 11.0\VC\bin\CL.exe /c /ZI /nologo /W3 /WX- /Od /Oy- /D _MBCS /Gm /EHsc /RTC1 /MDd /GS /fp:precise /Zc:wchar_t /Zc:forScope /Fo"Debug\\" /Fd"Debug\vc110.pdb" /Gd /TP /analyze- /errorReport:prompt 4_1.cpp
         4_1.cpp
     1>c:\users\armel\documents\visual studio 2012\projects\aufgabe14_2.c\aufgabe4_1\4_1.cpp(11): error C2143: Syntaxfehler: Es fehlt ';' vor '*'
     1>c:\users\armel\documents\visual studio 2012\projects\aufgabe14_2.c\aufgabe4_1\4_1.cpp(11): error C4430: Fehlender Typspezifizierer - int wird angenommen. Hinweis: "default-int" wird von C++ nicht unterstützt.
     1>c:\users\armel\documents\visual studio 2012\projects\aufgabe14_2.c\aufgabe4_1\4_1.cpp(12): error C2143: Syntaxfehler: Es fehlt ';' vor '*'
     1>c:\users\armel\documents\visual studio 2012\projects\aufgabe14_2.c\aufgabe4_1\4_1.cpp(12): error C4430: Fehlender Typspezifizierer - int wird angenommen. Hinweis: "default-int" wird von C++ nicht unterstützt.
     1>c:\users\armel\documents\visual studio 2012\projects\aufgabe14_2.c\aufgabe4_1\4_1.cpp(17): error C2061: Syntaxfehler: Bezeichner 'Signal'
     1>c:\users\armel\documents\visual studio 2012\projects\aufgabe14_2.c\aufgabe4_1\4_1.cpp(18): error C2146: Syntaxfehler: Fehlendes ';' vor Bezeichner 'getAusgangsSignal'
     1>c:\users\armel\documents\visual studio 2012\projects\aufgabe14_2.c\aufgabe4_1\4_1.cpp(18): error C4430: Fehlender Typspezifizierer - int wird angenommen. Hinweis: "default-int" wird von C++ nicht unterstützt.
     1>c:\users\armel\documents\visual studio 2012\projects\aufgabe14_2.c\aufgabe4_1\4_1.cpp(18): warning C4183: 'getAusgangsSignal': Rückgabetyp fehlt; Memberfunktion, die 'int' zurückgibt wird angenommen
     1>c:\users\armel\documents\visual studio 2012\projects\aufgabe14_2.c\aufgabe4_1\4_1.cpp(42): error C2864: "NANDGatter::anz": Nur statische konstante integrale Datenmember können innerhalb einer Klasse initialisiert werden.
     1>Die Erstellung des Projekts "C:\Users\Armel\Documents\Visual Studio 2012\Projects\Aufgabe14_2.c\Aufgabe4_1\Aufgabe4_1.vcxproj" ist abgeschlossen, Build Ziel(e) -- FEHLER.

Fehler beim Buildvorgang.

Verstrichene Zeit 00:00:02.79
